# JRE version: OpenJDK Runtime Environment (8.0_152-b06) (build 1.8.0_152-release-1136-b06)
# Java VM: OpenJDK 64-Bit Server VM (25.152-b06 mixed mode windows-amd64 compressed oops)
Heap:
 PSYoungGen      total 363520K, used 57841K [0x00000000e0000000, 0x00000000feb80000, 0x0000000100000000)
  eden space 305664K, 0% used [0x00000000e0000000,0x00000000e0000000,0x00000000f2a80000)
  from space 57856K, 99% used [0x00000000f2a80000,0x00000000f62fc738,0x00000000f6300000)
  to   space 80384K, 0% used [0x00000000f9d00000,0x00000000f9d00000,0x00000000feb80000)
 ParOldGen       total 216576K, used 211691K [0x00000000a0000000, 0x00000000ad380000, 0x00000000e0000000)
  object space 216576K, 97% used [0x00000000a0000000,0x00000000acebad48,0x00000000ad380000)
 Metaspace       used 140818K, capacity 150506K, committed 150656K, reserved 1181696K
  class space    used 17554K, capacity 19325K, committed 19328K, reserved 1048576K
GC Heap History (10 events):
Event: 16063.594 GC heap after
Heap after GC invocations=61 (full 4):
 PSYoungGen      total 313856K, used 37248K [0x00000000e0000000, 0x00000000f8000000, 0x0000000100000000)
  eden space 254976K, 0% used [0x00000000e0000000,0x00000000e0000000,0x00000000ef900000)
  from space 58880K, 63% used [0x00000000ef900000,0x00000000f1d60140,0x00000000f3280000)
  to   space 58880K, 0% used [0x00000000f4680000,0x00000000f4680000,0x00000000f8000000)
 ParOldGen       total 216576K, used 169700K [0x00000000a0000000, 0x00000000ad380000, 0x00000000e0000000)
  object space 216576K, 78% used [0x00000000a0000000,0x00000000aa5b9298,0x00000000ad380000)
 Metaspace       used 140294K, capacity 149992K, committed 150144K, reserved 1179648K
  class space    used 17522K, capacity 19286K, committed 19328K, reserved 1048576K
}
Event: 16066.723 GC heap before
{Heap before GC invocations=62 (full 4):
 PSYoungGen      total 313856K, used 292224K [0x00000000e0000000, 0x00000000f8000000, 0x0000000100000000)
  eden space 254976K, 100% used [0x00000000e0000000,0x00000000ef900000,0x00000000ef900000)
  from space 58880K, 63% used [0x00000000ef900000,0x00000000f1d60140,0x00000000f3280000)
  to   space 58880K, 0% used [0x00000000f4680000,0x00000000f4680000,0x00000000f8000000)
 ParOldGen       total 216576K, used 169700K [0x00000000a0000000, 0x00000000ad380000, 0x00000000e0000000)
  object space 216576K, 78% used [0x00000000a0000000,0x00000000aa5b9298,0x00000000ad380000)
 Metaspace       used 140382K, capacity 150056K, committed 150144K, reserved 1179648K
  class space    used 17522K, capacity 19286K, committed 19328K, reserved 1048576K
Event: 16066.783 GC heap after
Heap after GC invocations=62 (full 4):
 PSYoungGen      total 334336K, used 38640K [0x00000000e0000000, 0x00000000f8100000, 0x0000000100000000)
  eden space 275456K, 0% used [0x00000000e0000000,0x00000000e0000000,0x00000000f0d00000)
  from space 58880K, 65% used [0x00000000f4680000,0x00000000f6c3c110,0x00000000f8000000)
  to   space 58880K, 0% used [0x00000000f0d00000,0x00000000f0d00000,0x00000000f4680000)
 ParOldGen       total 216576K, used 169740K [0x00000000a0000000, 0x00000000ad380000, 0x00000000e0000000)
  object space 216576K, 78% used [0x00000000a0000000,0x00000000aa5c3298,0x00000000ad380000)
 Metaspace       used 140382K, capacity 150056K, committed 150144K, reserved 1179648K
  class space    used 17522K, capacity 19286K, committed 19328K, reserved 1048576K
}
Event: 16068.343 GC heap before
{Heap before GC invocations=63 (full 4):
 PSYoungGen      total 334336K, used 314052K [0x00000000e0000000, 0x00000000f8100000, 0x0000000100000000)
  eden space 275456K, 99% used [0x00000000e0000000,0x00000000f0cf4ff0,0x00000000f0d00000)
  from space 58880K, 65% used [0x00000000f4680000,0x00000000f6c3c110,0x00000000f8000000)
  to   space 58880K, 0% used [0x00000000f0d00000,0x00000000f0d00000,0x00000000f4680000)
 ParOldGen       total 216576K, used 169740K [0x00000000a0000000, 0x00000000ad380000, 0x00000000e0000000)
  object space 216576K, 78% used [0x00000000a0000000,0x00000000aa5c3298,0x00000000ad380000)
 Metaspace       used 140520K, capacity 150216K, committed 150400K, reserved 1179648K
  class space    used 17537K, capacity 19318K, committed 19328K, reserved 1048576K
Event: 16068.421 GC heap after
Heap after GC invocations=63 (full 4):
 PSYoungGen      total 334336K, used 39589K [0x00000000e0000000, 0x00000000f9c80000, 0x0000000100000000)
  eden space 275456K, 0% used [0x00000000e0000000,0x00000000e0000000,0x00000000f0d00000)
  from space 58880K, 67% used [0x00000000f0d00000,0x00000000f33a94e8,0x00000000f4680000)
  to   space 58880K, 0% used [0x00000000f6300000,0x00000000f6300000,0x00000000f9c80000)
 ParOldGen       total 216576K, used 169772K [0x00000000a0000000, 0x00000000ad380000, 0x00000000e0000000)
  object space 216576K, 78% used [0x00000000a0000000,0x00000000aa5cb298,0x00000000ad380000)
 Metaspace       used 140520K, capacity 150216K, committed 150400K, reserved 1179648K
  class space    used 17537K, capacity 19318K, committed 19328K, reserved 1048576K
}
Event: 16070.996 GC heap before
{Heap before GC invocations=64 (full 4):
 PSYoungGen      total 334336K, used 315045K [0x00000000e0000000, 0x00000000f9c80000, 0x0000000100000000)
  eden space 275456K, 100% used [0x00000000e0000000,0x00000000f0d00000,0x00000000f0d00000)
  from space 58880K, 67% used [0x00000000f0d00000,0x00000000f33a94e8,0x00000000f4680000)
  to   space 58880K, 0% used [0x00000000f6300000,0x00000000f6300000,0x00000000f9c80000)
 ParOldGen       total 216576K, used 169772K [0x00000000a0000000, 0x00000000ad380000, 0x00000000e0000000)
  object space 216576K, 78% used [0x00000000a0000000,0x00000000aa5cb298,0x00000000ad380000)
 Metaspace       used 140587K, capacity 150282K, committed 150400K, reserved 1179648K
  class space    used 17539K, capacity 19319K, committed 19328K, reserved 1048576K
Event: 16071.077 GC heap after
Heap after GC invocations=64 (full 4):
 PSYoungGen      total 363520K, used 37040K [0x00000000e0000000, 0x00000000f9b80000, 0x0000000100000000)
  eden space 305664K, 0% used [0x00000000e0000000,0x00000000e0000000,0x00000000f2a80000)
  from space 57856K, 64% used [0x00000000f6300000,0x00000000f872c110,0x00000000f9b80000)
  to   space 57856K, 0% used [0x00000000f2a80000,0x00000000f2a80000,0x00000000f6300000)
 ParOldGen       total 216576K, used 169804K [0x00000000a0000000, 0x00000000ad380000, 0x00000000e0000000)
  object space 216576K, 78% used [0x00000000a0000000,0x00000000aa5d3298,0x00000000ad380000)
 Metaspace       used 140587K, capacity 150282K, committed 150400K, reserved 1179648K
  class space    used 17539K, capacity 19319K, committed 19328K, reserved 1048576K
}
Event: 16075.636 GC heap before
{Heap before GC invocations=65 (full 4):
 PSYoungGen      total 363520K, used 339482K [0x00000000e0000000, 0x00000000f9b80000, 0x0000000100000000)
  eden space 305664K, 98% used [0x00000000e0000000,0x00000000f275a788,0x00000000f2a80000)
  from space 57856K, 64% used [0x00000000f6300000,0x00000000f872c110,0x00000000f9b80000)
  to   space 57856K, 0% used [0x00000000f2a80000,0x00000000f2a80000,0x00000000f6300000)
 ParOldGen       total 216576K, used 169804K [0x00000000a0000000, 0x00000000ad380000, 0x00000000e0000000)
  object space 216576K, 78% used [0x00000000a0000000,0x00000000aa5d3298,0x00000000ad380000)
 Metaspace       used 140818K, capacity 150506K, committed 150656K, reserved 1181696K
  class space    used 17554K, capacity 19325K, committed 19328K, reserved 1048576K
Event: 16075.890 GC heap after
Heap after GC invocations=65 (full 4):
 PSYoungGen      total 363520K, used 57841K [0x00000000e0000000, 0x00000000feb80000, 0x0000000100000000)
  eden space 305664K, 0% used [0x00000000e0000000,0x00000000e0000000,0x00000000f2a80000)
  from space 57856K, 99% used [0x00000000f2a80000,0x00000000f62fc738,0x00000000f6300000)
  to   space 80384K, 0% used [0x00000000f9d00000,0x00000000f9d00000,0x00000000feb80000)
 ParOldGen       total 216576K, used 211691K [0x00000000a0000000, 0x00000000ad380000, 0x00000000e0000000)
  object space 216576K, 97% used [0x00000000a0000000,0x00000000acebad48,0x00000000ad380000)
 Metaspace       used 140818K, capacity 150506K, committed 150656K, reserved 1181696K
  class space    used 17554K, capacity 19325K, committed 19328K, reserved 1048576K
}
Event: 16075.890 GC heap before
{Heap before GC invocations=66 (full 5):
 PSYoungGen      total 363520K, used 57841K [0x00000000e0000000, 0x00000000feb80000, 0x0000000100000000)
  eden space 305664K, 0% used [0x00000000e0000000,0x00000000e0000000,0x00000000f2a80000)
  from space 57856K, 99% used [0x00000000f2a80000,0x00000000f62fc738,0x00000000f6300000)
  to   space 80384K, 0% used [0x00000000f9d00000,0x00000000f9d00000,0x00000000feb80000)
 ParOldGen       total 216576K, used 211691K [0x00000000a0000000, 0x00000000ad380000, 0x00000000e0000000)
  object space 216576K, 97% used [0x00000000a0000000,0x00000000acebad48,0x00000000ad380000)
 Metaspace       used 140818K, capacity 150506K, committed 150656K, reserved 1181696K
  class space    used 17554K, capacity 19325K, committed 19328K, reserved 1048576K

